# JRE version: OpenJDK Runtime Environment (8.0_152-b01) (build 1.8.0_152-release-1248-b01)
# Java VM: OpenJDK 64-Bit Server VM (25.152-b01 mixed mode linux-amd64 compressed oops)
Heap:
 PSYoungGen      total 188928K, used 14846K [0x00000000e0000000, 0x00000000ec980000, 0x0000000100000000)
  eden space 174080K, 0% used [0x00000000e0000000,0x00000000e0000000,0x00000000eaa00000)
  from space 14848K, 99% used [0x00000000eaa00000,0x00000000eb87f970,0x00000000eb880000)
  to   space 14848K, 0% used [0x00000000eb880000,0x00000000eb880000,0x00000000ec700000)
 ParOldGen       total 111104K, used 23082K [0x00000000a0000000, 0x00000000a6c80000, 0x00000000e0000000)
  object space 111104K, 20% used [0x00000000a0000000,0x00000000a168a898,0x00000000a6c80000)
 Metaspace       used 50685K, capacity 51920K, committed 52144K, reserved 1093632K
  class space    used 6846K, capacity 7219K, committed 7344K, reserved 1048576K
GC Heap History (10 events):
Event: 1,676 GC heap after
Heap after GC invocations=4 (full 0):
 PSYoungGen      total 132096K, used 5104K [0x00000000e0000000, 0x00000000e8600000, 0x0000000100000000)
  eden space 126976K, 0% used [0x00000000e0000000,0x00000000e0000000,0x00000000e7c00000)
  from space 5120K, 99% used [0x00000000e8100000,0x00000000e85fc050,0x00000000e8600000)
  to   space 5120K, 0% used [0x00000000e7c00000,0x00000000e7c00000,0x00000000e8100000)
 ParOldGen       total 84992K, used 10025K [0x00000000a0000000, 0x00000000a5300000, 0x00000000e0000000)
  object space 84992K, 11% used [0x00000000a0000000,0x00000000a09ca5c8,0x00000000a5300000)
 Metaspace       used 20770K, capacity 21216K, committed 21296K, reserved 1067008K
  class space    used 2930K, capacity 3120K, committed 3120K, reserved 1048576K
}
Event: 1,676 GC heap before
{Heap before GC invocations=5 (full 1):
 PSYoungGen      total 132096K, used 5104K [0x00000000e0000000, 0x00000000e8600000, 0x0000000100000000)
  eden space 126976K, 0% used [0x00000000e0000000,0x00000000e0000000,0x00000000e7c00000)
  from space 5120K, 99% used [0x00000000e8100000,0x00000000e85fc050,0x00000000e8600000)
  to   space 5120K, 0% used [0x00000000e7c00000,0x00000000e7c00000,0x00000000e8100000)
 ParOldGen       total 84992K, used 10025K [0x00000000a0000000, 0x00000000a5300000, 0x00000000e0000000)
  object space 84992K, 11% used [0x00000000a0000000,0x00000000a09ca5c8,0x00000000a5300000)
 Metaspace       used 20770K, capacity 21216K, committed 21296K, reserved 1067008K
  class space    used 2930K, capacity 3120K, committed 3120K, reserved 1048576K
Event: 1,717 GC heap after
Heap after GC invocations=5 (full 1):
 PSYoungGen      total 132096K, used 0K [0x00000000e0000000, 0x00000000e8600000, 0x0000000100000000)
  eden space 126976K, 0% used [0x00000000e0000000,0x00000000e0000000,0x00000000e7c00000)
  from space 5120K, 0% used [0x00000000e8100000,0x00000000e8100000,0x00000000e8600000)
  to   space 5120K, 0% used [0x00000000e7c00000,0x00000000e7c00000,0x00000000e8100000)
 ParOldGen       total 67584K, used 9761K [0x00000000a0000000, 0x00000000a4200000, 0x00000000e0000000)
  object space 67584K, 14% used [0x00000000a0000000,0x00000000a09884c0,0x00000000a4200000)
 Metaspace       used 20770K, capacity 21216K, committed 21296K, reserved 1067008K
  class space    used 2930K, capacity 3120K, committed 3120K, reserved 1048576K
}
Event: 3,076 GC heap before
{Heap before GC invocations=6 (full 1):
 PSYoungGen      total 132096K, used 126976K [0x00000000e0000000, 0x00000000e8600000, 0x0000000100000000)
  eden space 126976K, 100% used [0x00000000e0000000,0x00000000e7c00000,0x00000000e7c00000)
  from space 5120K, 0% used [0x00000000e8100000,0x00000000e8100000,0x00000000e8600000)
  to   space 5120K, 0% used [0x00000000e7c00000,0x00000000e7c00000,0x00000000e8100000)
 ParOldGen       total 67584K, used 9761K [0x00000000a0000000, 0x00000000a4200000, 0x00000000e0000000)
  object space 67584K, 14% used [0x00000000a0000000,0x00000000a09884c0,0x00000000a4200000)
 Metaspace       used 30083K, capacity 30650K, committed 30896K, reserved 1075200K
  class space    used 4194K, capacity 4422K, committed 4528K, reserved 1048576K
Event: 3,084 GC heap after
Heap after GC invocations=6 (full 1):
 PSYoungGen      total 132096K, used 5109K [0x00000000e0000000, 0x00000000ec700000, 0x0000000100000000)
  eden space 126976K, 0% used [0x00000000e0000000,0x00000000e0000000,0x00000000e7c00000)
  from space 5120K, 99% used [0x00000000e7c00000,0x00000000e80fd648,0x00000000e8100000)
  to   space 14848K, 0% used [0x00000000eb880000,0x00000000eb880000,0x00000000ec700000)
 ParOldGen       total 67584K, used 16426K [0x00000000a0000000, 0x00000000a4200000, 0x00000000e0000000)
  object space 67584K, 24% used [0x00000000a0000000,0x00000000a100a800,0x00000000a4200000)
 Metaspace       used 30083K, capacity 30650K, committed 30896K, reserved 1075200K
  class space    used 4194K, capacity 4422K, committed 4528K, reserved 1048576K
}
Event: 3,843 GC heap before
{Heap before GC invocations=7 (full 1):
 PSYoungGen      total 132096K, used 47826K [0x00000000e0000000, 0x00000000ec700000, 0x0000000100000000)
  eden space 126976K, 33% used [0x00000000e0000000,0x00000000e29b7508,0x00000000e7c00000)
  from space 5120K, 99% used [0x00000000e7c00000,0x00000000e80fd648,0x00000000e8100000)
  to   space 14848K, 0% used [0x00000000eb880000,0x00000000eb880000,0x00000000ec700000)
 ParOldGen       total 67584K, used 16426K [0x00000000a0000000, 0x00000000a4200000, 0x00000000e0000000)
  object space 67584K, 24% used [0x00000000a0000000,0x00000000a100a800,0x00000000a4200000)
 Metaspace       used 34732K, capacity 35324K, committed 35496K, reserved 1079296K
  class space    used 4845K, capacity 5064K, committed 5168K, reserved 1048576K
Event: 3,859 GC heap after
Heap after GC invocations=7 (full 1):
 PSYoungGen      total 188928K, used 10042K [0x00000000e0000000, 0x00000000ec980000, 0x0000000100000000)
  eden space 174080K, 0% used [0x00000000e0000000,0x00000000e0000000,0x00000000eaa00000)
  from space 14848K, 67% used [0x00000000eb880000,0x00000000ec24e990,0x00000000ec700000)
  to   space 14848K, 0% used [0x00000000eaa00000,0x00000000eaa00000,0x00000000eb880000)
 ParOldGen       total 67584K, used 16434K [0x00000000a0000000, 0x00000000a4200000, 0x00000000e0000000)
  object space 67584K, 24% used [0x00000000a0000000,0x00000000a100c800,0x00000000a4200000)
 Metaspace       used 34732K, capacity 35324K, committed 35496K, reserved 1079296K
  class space    used 4845K, capacity 5064K, committed 5168K, reserved 1048576K
}
Event: 3,859 GC heap before
{Heap before GC invocations=8 (full 2):
 PSYoungGen      total 188928K, used 10042K [0x00000000e0000000, 0x00000000ec980000, 0x0000000100000000)
  eden space 174080K, 0% used [0x00000000e0000000,0x00000000e0000000,0x00000000eaa00000)
  from space 14848K, 67% used [0x00000000eb880000,0x00000000ec24e990,0x00000000ec700000)
  to   space 14848K, 0% used [0x00000000eaa00000,0x00000000eaa00000,0x00000000eb880000)
 ParOldGen       total 67584K, used 16434K [0x00000000a0000000, 0x00000000a4200000, 0x00000000e0000000)
  object space 67584K, 24% used [0x00000000a0000000,0x00000000a100c800,0x00000000a4200000)
 Metaspace       used 34732K, capacity 35324K, committed 35496K, reserved 1079296K
  class space    used 4845K, capacity 5064K, committed 5168K, reserved 1048576K
Event: 3,954 GC heap after
Heap after GC invocations=8 (full 2):
 PSYoungGen      total 188928K, used 0K [0x00000000e0000000, 0x00000000ec980000, 0x0000000100000000)
  eden space 174080K, 0% used [0x00000000e0000000,0x00000000e0000000,0x00000000eaa00000)
  from space 14848K, 0% used [0x00000000eb880000,0x00000000eb880000,0x00000000ec700000)
  to   space 14848K, 0% used [0x00000000eaa00000,0x00000000eaa00000,0x00000000eb880000)
 ParOldGen       total 111104K, used 16629K [0x00000000a0000000, 0x00000000a6c80000, 0x00000000e0000000)
  object space 111104K, 14% used [0x00000000a0000000,0x00000000a103d6c0,0x00000000a6c80000)
 Metaspace       used 34732K, capacity 35324K, committed 35496K, reserved 1079296K
  class space    used 4845K, capacity 5064K, committed 5168K, reserved 1048576K
}
Event: 22,058 GC heap before
{Heap before GC invocations=9 (full 2):
 PSYoungGen      total 188928K, used 174080K [0x00000000e0000000, 0x00000000ec980000, 0x0000000100000000)
  eden space 174080K, 100% used [0x00000000e0000000,0x00000000eaa00000,0x00000000eaa00000)
  from space 14848K, 0% used [0x00000000eb880000,0x00000000eb880000,0x00000000ec700000)
  to   space 14848K, 0% used [0x00000000eaa00000,0x00000000eaa00000,0x00000000eb880000)
 ParOldGen       total 111104K, used 16629K [0x00000000a0000000, 0x00000000a6c80000, 0x00000000e0000000)
  object space 111104K, 14% used [0x00000000a0000000,0x00000000a103d6c0,0x00000000a6c80000)
 Metaspace       used 50685K, capacity 51920K, committed 52144K, reserved 1093632K
  class space    used 6846K, capacity 7219K, committed 7344K, reserved 1048576K

