# JRE version: OpenJDK Runtime Environment (8.0_152-b01) (build 1.8.0_152-release-1248-b01)
# Java VM: OpenJDK 64-Bit Server VM (25.152-b01 mixed mode linux-amd64 compressed oops)
Heap:
 PSYoungGen      total 388096K, used 0K [0x00000000e0000000, 0x0000000100000000, 0x0000000100000000)
  eden space 329216K, 0% used [0x00000000e0000000,0x00000000e0000000,0x00000000f4180000)
  from space 58880K, 0% used [0x00000000f9400000,0x00000000f9400000,0x00000000fcd80000)
  to   space 84480K, 0% used [0x00000000f4180000,0x00000000f4180000,0x00000000f9400000)
 ParOldGen       total 139264K, used 95255K [0x00000000a0000000, 0x00000000a8800000, 0x00000000e0000000)
  object space 139264K, 68% used [0x00000000a0000000,0x00000000a5d05f70,0x00000000a8800000)
 Metaspace       used 85928K, capacity 89748K, committed 95280K, reserved 1132544K
  class space    used 10968K, capacity 11715K, committed 12336K, reserved 1048576K
GC Heap History (10 events):
Event: 156,531 GC heap after
Heap after GC invocations=13 (full 3):
 PSYoungGen      total 354816K, used 23522K [0x00000000e0000000, 0x00000000f7b00000, 0x0000000100000000)
  eden space 331264K, 0% used [0x00000000e0000000,0x00000000e0000000,0x00000000f4380000)
  from space 23552K, 99% used [0x00000000f6400000,0x00000000f7af8b28,0x00000000f7b00000)
  to   space 28160K, 0% used [0x00000000f4400000,0x00000000f4400000,0x00000000f5f80000)
 ParOldGen       total 139264K, used 37661K [0x00000000a0000000, 0x00000000a8800000, 0x00000000e0000000)
  object space 139264K, 27% used [0x00000000a0000000,0x00000000a24c7418,0x00000000a8800000)
 Metaspace       used 83211K, capacity 86384K, committed 86704K, reserved 1124352K
  class space    used 10907K, capacity 11603K, committed 11696K, reserved 1048576K
}
Event: 177,711 GC heap before
{Heap before GC invocations=14 (full 3):
 PSYoungGen      total 354816K, used 354786K [0x00000000e0000000, 0x00000000f7b00000, 0x0000000100000000)
  eden space 331264K, 100% used [0x00000000e0000000,0x00000000f4380000,0x00000000f4380000)
  from space 23552K, 99% used [0x00000000f6400000,0x00000000f7af8b28,0x00000000f7b00000)
  to   space 28160K, 0% used [0x00000000f4400000,0x00000000f4400000,0x00000000f5f80000)
 ParOldGen       total 139264K, used 37661K [0x00000000a0000000, 0x00000000a8800000, 0x00000000e0000000)
  object space 139264K, 27% used [0x00000000a0000000,0x00000000a24c7418,0x00000000a8800000)
 Metaspace       used 85267K, capacity 88614K, committed 88880K, reserved 1126400K
  class space    used 11006K, capacity 11726K, committed 11824K, reserved 1048576K
Event: 177,747 GC heap after
Heap after GC invocations=14 (full 3):
 PSYoungGen      total 359936K, used 21336K [0x00000000e0000000, 0x00000000fab00000, 0x0000000100000000)
  eden space 331776K, 0% used [0x00000000e0000000,0x00000000e0000000,0x00000000f4400000)
  from space 28160K, 75% used [0x00000000f4400000,0x00000000f58d6230,0x00000000f5f80000)
  to   space 29696K, 0% used [0x00000000f8e00000,0x00000000f8e00000,0x00000000fab00000)
 ParOldGen       total 139264K, used 37677K [0x00000000a0000000, 0x00000000a8800000, 0x00000000e0000000)
  object space 139264K, 27% used [0x00000000a0000000,0x00000000a24cb418,0x00000000a8800000)
 Metaspace       used 85267K, capacity 88614K, committed 88880K, reserved 1126400K
  class space    used 11006K, capacity 11726K, committed 11824K, reserved 1048576K
}
Event: 287,729 GC heap before
{Heap before GC invocations=15 (full 3):
 PSYoungGen      total 359936K, used 353112K [0x00000000e0000000, 0x00000000fab00000, 0x0000000100000000)
  eden space 331776K, 100% used [0x00000000e0000000,0x00000000f4400000,0x00000000f4400000)
  from space 28160K, 75% used [0x00000000f4400000,0x00000000f58d6230,0x00000000f5f80000)
  to   space 29696K, 0% used [0x00000000f8e00000,0x00000000f8e00000,0x00000000fab00000)
 ParOldGen       total 139264K, used 37677K [0x00000000a0000000, 0x00000000a8800000, 0x00000000e0000000)
  object space 139264K, 27% used [0x00000000a0000000,0x00000000a24cb418,0x00000000a8800000)
 Metaspace       used 86292K, capacity 89868K, committed 90032K, reserved 1128448K
  class space    used 11060K, capacity 11837K, committed 11952K, reserved 1048576K
Event: 287,768 GC heap after
Heap after GC invocations=15 (full 3):
 PSYoungGen      total 398848K, used 29665K [0x00000000e0000000, 0x00000000fb380000, 0x0000000100000000)
  eden space 369152K, 0% used [0x00000000e0000000,0x00000000e0000000,0x00000000f6880000)
  from space 29696K, 99% used [0x00000000f8e00000,0x00000000faaf87e0,0x00000000fab00000)
  to   space 38400K, 0% used [0x00000000f6880000,0x00000000f6880000,0x00000000f8e00000)
 ParOldGen       total 139264K, used 50505K [0x00000000a0000000, 0x00000000a8800000, 0x00000000e0000000)
  object space 139264K, 36% used [0x00000000a0000000,0x00000000a3152510,0x00000000a8800000)
 Metaspace       used 86292K, capacity 89868K, committed 90032K, reserved 1128448K
  class space    used 11060K, capacity 11837K, committed 11952K, reserved 1048576K
}
Event: 425,205 GC heap before
{Heap before GC invocations=16 (full 3):
 PSYoungGen      total 398848K, used 398817K [0x00000000e0000000, 0x00000000fb380000, 0x0000000100000000)
  eden space 369152K, 100% used [0x00000000e0000000,0x00000000f6880000,0x00000000f6880000)
  from space 29696K, 99% used [0x00000000f8e00000,0x00000000faaf87e0,0x00000000fab00000)
  to   space 38400K, 0% used [0x00000000f6880000,0x00000000f6880000,0x00000000f8e00000)
 ParOldGen       total 139264K, used 50505K [0x00000000a0000000, 0x00000000a8800000, 0x00000000e0000000)
  object space 139264K, 36% used [0x00000000a0000000,0x00000000a3152510,0x00000000a8800000)
 Metaspace       used 88445K, capacity 92566K, committed 92848K, reserved 1130496K
  class space    used 11246K, capacity 12098K, committed 12208K, reserved 1048576K
Event: 425,275 GC heap after
Heap after GC invocations=16 (full 3):
 PSYoungGen      total 393216K, used 38387K [0x00000000e0000000, 0x00000000fcd80000, 0x0000000100000000)
  eden space 354816K, 0% used [0x00000000e0000000,0x00000000e0000000,0x00000000f5a80000)
  from space 38400K, 99% used [0x00000000f6880000,0x00000000f8dfcf50,0x00000000f8e00000)
  to   space 58880K, 0% used [0x00000000f9400000,0x00000000f9400000,0x00000000fcd80000)
 ParOldGen       total 139264K, used 90216K [0x00000000a0000000, 0x00000000a8800000, 0x00000000e0000000)
  object space 139264K, 64% used [0x00000000a0000000,0x00000000a581a0a0,0x00000000a8800000)
 Metaspace       used 88445K, capacity 92566K, committed 92848K, reserved 1130496K
  class space    used 11246K, capacity 12098K, committed 12208K, reserved 1048576K
}
Event: 479,015 GC heap before
{Heap before GC invocations=17 (full 3):
 PSYoungGen      total 393216K, used 393203K [0x00000000e0000000, 0x00000000fcd80000, 0x0000000100000000)
  eden space 354816K, 100% used [0x00000000e0000000,0x00000000f5a80000,0x00000000f5a80000)
  from space 38400K, 99% used [0x00000000f6880000,0x00000000f8dfcf50,0x00000000f8e00000)
  to   space 58880K, 0% used [0x00000000f9400000,0x00000000f9400000,0x00000000fcd80000)
 ParOldGen       total 139264K, used 90216K [0x00000000a0000000, 0x00000000a8800000, 0x00000000e0000000)
  object space 139264K, 64% used [0x00000000a0000000,0x00000000a581a0a0,0x00000000a8800000)
 Metaspace       used 90832K, capacity 95196K, committed 95280K, reserved 1132544K
  class space    used 11403K, capacity 12295K, committed 12336K, reserved 1048576K
Event: 480,415 GC heap after
Heap after GC invocations=17 (full 3):
 PSYoungGen      total 388096K, used 58872K [0x00000000e0000000, 0x0000000100000000, 0x0000000100000000)
  eden space 329216K, 0% used [0x00000000e0000000,0x00000000e0000000,0x00000000f4180000)
  from space 58880K, 99% used [0x00000000f9400000,0x00000000fcd7e308,0x00000000fcd80000)
  to   space 84480K, 0% used [0x00000000f4180000,0x00000000f4180000,0x00000000f9400000)
 ParOldGen       total 139264K, used 132769K [0x00000000a0000000, 0x00000000a8800000, 0x00000000e0000000)
  object space 139264K, 95% used [0x00000000a0000000,0x00000000a81a8460,0x00000000a8800000)
 Metaspace       used 90832K, capacity 95196K, committed 95280K, reserved 1132544K
  class space    used 11403K, capacity 12295K, committed 12336K, reserved 1048576K
}
Event: 480,437 GC heap before
{Heap before GC invocations=18 (full 4):
 PSYoungGen      total 388096K, used 58872K [0x00000000e0000000, 0x0000000100000000, 0x0000000100000000)
  eden space 329216K, 0% used [0x00000000e0000000,0x00000000e0000000,0x00000000f4180000)
  from space 58880K, 99% used [0x00000000f9400000,0x00000000fcd7e308,0x00000000fcd80000)
  to   space 84480K, 0% used [0x00000000f4180000,0x00000000f4180000,0x00000000f9400000)
 ParOldGen       total 139264K, used 132769K [0x00000000a0000000, 0x00000000a8800000, 0x00000000e0000000)
  object space 139264K, 95% used [0x00000000a0000000,0x00000000a81a8460,0x00000000a8800000)
 Metaspace       used 90832K, capacity 95196K, committed 95280K, reserved 1132544K
  class space    used 11403K, capacity 12295K, committed 12336K, reserved 1048576K

